<?xml version="1.0" encoding="UTF-8"?>
<testsuite xmlns:xsi="http://www.w3.org/2001/XMLSchema-instance" xsi:schemaLocation="https://maven.apache.org/surefire/maven-surefire-plugin/xsd/surefire-test-report.xsd" name="testrunner.RunCukeTest" time="0.911" tests="34" errors="2" skipped="1" failures="0">
  <properties>
    <property name="java.runtime.name" value="Java(TM) SE Runtime Environment"/>
    <property name="sun.boot.library.path" value="/Library/Java/JavaVirtualMachines/jdk1.8.0_111.jdk/Contents/Home/jre/lib"/>
    <property name="java.vm.version" value="25.111-b14"/>
    <property name="user.country.format" value="NZ"/>
    <property name="gopherProxySet" value="false"/>
    <property name="java.vm.vendor" value="Oracle Corporation"/>
    <property name="maven.multiModuleProjectDirectory" value="/Users/navatha/git/add-rest-service"/>
    <property name="java.vendor.url" value="http://java.oracle.com/"/>
    <property name="path.separator" value=":"/>
    <property name="guice.disable.misplaced.annotation.check" value="true"/>
    <property name="java.vm.name" value="Java HotSpot(TM) 64-Bit Server VM"/>
    <property name="file.encoding.pkg" value="sun.io"/>
    <property name="user.country" value="US"/>
    <property name="sun.java.launcher" value="SUN_STANDARD"/>
    <property name="sun.os.patch.level" value="unknown"/>
    <property name="java.vm.specification.name" value="Java Virtual Machine Specification"/>
    <property name="user.dir" value="/Users/navatha/git/add-rest-service"/>
    <property name="java.runtime.version" value="1.8.0_111-b14"/>
    <property name="java.awt.graphicsenv" value="sun.awt.CGraphicsEnvironment"/>
    <property name="java.endorsed.dirs" value="/Library/Java/JavaVirtualMachines/jdk1.8.0_111.jdk/Contents/Home/jre/lib/endorsed"/>
    <property name="os.arch" value="x86_64"/>
    <property name="java.io.tmpdir" value="/var/folders/03/tt8lskrd1n16p39jk6kfycl00000gn/T/"/>
    <property name="line.separator" value="&#10;"/>
    <property name="java.vm.specification.vendor" value="Oracle Corporation"/>
    <property name="os.name" value="Mac OS X"/>
    <property name="classworlds.conf" value="/Users/navatha/maven/bin/m2.conf"/>
    <property name="sun.jnu.encoding" value="UTF-8"/>
    <property name="java.library.path" value="/Users/navatha/Library/Java/Extensions:/Library/Java/Extensions:/Network/Library/Java/Extensions:/System/Library/Java/Extensions:/usr/lib/java:."/>
    <property name="java.specification.name" value="Java Platform API Specification"/>
    <property name="java.class.version" value="52.0"/>
    <property name="sun.management.compiler" value="HotSpot 64-Bit Tiered Compilers"/>
    <property name="os.version" value="10.11.6"/>
    <property name="http.nonProxyHosts" value="local|*.local|169.254/16|*.169.254/16"/>
    <property name="user.home" value="/Users/navatha"/>
    <property name="user.timezone" value="Pacific/Auckland"/>
    <property name="java.awt.printerjob" value="sun.lwawt.macosx.CPrinterJob"/>
    <property name="java.specification.version" value="1.8"/>
    <property name="file.encoding" value="UTF-8"/>
    <property name="user.name" value="navatha"/>
    <property name="java.class.path" value="/Users/navatha/maven/boot/plexus-classworlds-2.5.2.jar"/>
    <property name="java.vm.specification.version" value="1.8"/>
    <property name="sun.arch.data.model" value="64"/>
    <property name="java.home" value="/Library/Java/JavaVirtualMachines/jdk1.8.0_111.jdk/Contents/Home/jre"/>
    <property name="sun.java.command" value="org.codehaus.plexus.classworlds.launcher.Launcher test"/>
    <property name="java.specification.vendor" value="Oracle Corporation"/>
    <property name="user.language" value="en"/>
    <property name="awt.toolkit" value="sun.lwawt.macosx.LWCToolkit"/>
    <property name="java.vm.info" value="mixed mode"/>
    <property name="java.version" value="1.8.0_111"/>
    <property name="java.ext.dirs" value="/Users/navatha/Library/Java/Extensions:/Library/Java/JavaVirtualMachines/jdk1.8.0_111.jdk/Contents/Home/jre/lib/ext:/Library/Java/Extensions:/Network/Library/Java/Extensions:/System/Library/Java/Extensions:/usr/lib/java"/>
    <property name="sun.boot.class.path" value="/Library/Java/JavaVirtualMachines/jdk1.8.0_111.jdk/Contents/Home/jre/lib/resources.jar:/Library/Java/JavaVirtualMachines/jdk1.8.0_111.jdk/Contents/Home/jre/lib/rt.jar:/Library/Java/JavaVirtualMachines/jdk1.8.0_111.jdk/Contents/Home/jre/lib/sunrsasign.jar:/Library/Java/JavaVirtualMachines/jdk1.8.0_111.jdk/Contents/Home/jre/lib/jsse.jar:/Library/Java/JavaVirtualMachines/jdk1.8.0_111.jdk/Contents/Home/jre/lib/jce.jar:/Library/Java/JavaVirtualMachines/jdk1.8.0_111.jdk/Contents/Home/jre/lib/charsets.jar:/Library/Java/JavaVirtualMachines/jdk1.8.0_111.jdk/Contents/Home/jre/lib/jfr.jar:/Library/Java/JavaVirtualMachines/jdk1.8.0_111.jdk/Contents/Home/jre/classes"/>
    <property name="java.vendor" value="Oracle Corporation"/>
    <property name="maven.home" value="/Users/navatha/maven"/>
    <property name="file.separator" value="/"/>
    <property name="java.vendor.url.bug" value="http://bugreport.sun.com/bugreport/"/>
    <property name="sun.cpu.endian" value="little"/>
    <property name="sun.io.unicode.encoding" value="UnicodeBig"/>
    <property name="socksNonProxyHosts" value="local|*.local|169.254/16|*.169.254/16"/>
    <property name="ftp.nonProxyHosts" value="local|*.local|169.254/16|*.169.254/16"/>
    <property name="sun.cpu.isalist" value=""/>
  </properties>
  <testcase name="Given I have any two valid numbers 1 1" classname="| 1 | 1 | 2 |" time="0.001"/>
  <testcase name="When I send a request to the service with above numbers" classname="| 1 | 1 | 2 |" time="0"/>
  <testcase name="Then I get successful response with status code &apos;200&apos;" classname="| 1 | 1 | 2 |" time="0"/>
  <testcase name="And The sum of two numbers is 2" classname="| 1 | 1 | 2 |" time="0"/>
  <testcase name="| 1 | 1 | 2 |" classname="| 1 | 1 | 2 |" time="0"/>
  <testcase name="Given I have any two valid numbers 2 1" classname="| 2 | 1 | 3 |" time="0"/>
  <testcase name="When I send a request to the service with above numbers" classname="| 2 | 1 | 3 |" time="0"/>
  <testcase name="Then I get successful response with status code &apos;200&apos;" classname="| 2 | 1 | 3 |" time="0"/>
  <testcase name="And The sum of two numbers is 3" classname="| 2 | 1 | 3 |" time="0"/>
  <testcase name="| 2 | 1 | 3 |" classname="| 2 | 1 | 3 |" time="0"/>
  <testcase name="Given I have any two valid numbers -1 -1" classname="| -1 | -1 | -2 |" time="0"/>
  <testcase name="When I send a request to the service with above numbers" classname="| -1 | -1 | -2 |" time="0"/>
  <testcase name="Then I get successful response with status code &apos;200&apos;" classname="| -1 | -1 | -2 |" time="0"/>
  <testcase name="And The sum of two numbers is -2" classname="| -1 | -1 | -2 |" time="0"/>
  <testcase name="| -1 | -1 | -2 |" classname="| -1 | -1 | -2 |" time="0"/>
  <testcase name="Given I have any two valid numbers 1 1" classname="| 1 | 1 | 3 |" time="0"/>
  <testcase name="When I send a request to the service with above numbers" classname="| 1 | 1 | 3 |" time="0"/>
  <testcase name="Then I get successful response with status code &apos;200&apos;" classname="| 1 | 1 | 3 |" time="0"/>
  <testcase name="And The sum of two numbers is not equal to 3" classname="| 1 | 1 | 3 |" time="0"/>
  <testcase name="| 1 | 1 | 3 |" classname="| 1 | 1 | 3 |" time="0"/>
  <testcase name="Given I have any two valid numbers 2 1" classname="| 2 | 1 | 5 |" time="0"/>
  <testcase name="When I send a request to the service with above numbers" classname="| 2 | 1 | 5 |" time="0"/>
  <testcase name="Then I get successful response with status code &apos;200&apos;" classname="| 2 | 1 | 5 |" time="0"/>
  <testcase name="And The sum of two numbers is not equal to 5" classname="| 2 | 1 | 5 |" time="0"/>
  <testcase name="| 2 | 1 | 5 |" classname="| 2 | 1 | 5 |" time="0"/>
  <testcase name="Given I have any two valid numbers &apos;1&apos; &apos;2&apos;" classname="Scenario: Successful response type is of XML format" time="0"/>
  <testcase name="When I send a request to the service with above numbers" classname="Scenario: Successful response type is of XML format" time="0"/>
  <testcase name="Then I get successful response with status code &apos;200&apos;" classname="Scenario: Successful response type is of XML format" time="0"/>
  <testcase name="And The response type is in XML format:" classname="Scenario: Successful response type is of XML format" time="0"/>
  <testcase name="Scenario: Successful response type is of XML format" classname="Scenario: Successful response type is of XML format" time="0"/>
  <testcase name="Given I have any invalid numbers 1 a" classname="| 1 | a | 2 |" time="0"/>
  <testcase name="When I send a request to the service with above numbers" classname="| 1 | a | 2 |" time="0.003">
    <error message="400 null" type="org.springframework.web.client.HttpClientErrorException">org.springframework.web.client.HttpClientErrorException: 400 null
</error>
    <system-out><![CDATA[19:46:00.869 [main] DEBUG org.springframework.web.client.RestTemplate - Created GET request for "http://localhost:8080/addition/1/a/"
19:46:00.869 [main] DEBUG org.springframework.web.client.RestTemplate - Setting request Accept header to [text/plain, application/xml, text/xml, application/json, application/*+xml, application/*+json, */*]
19:46:00.872 [main] DEBUG org.springframework.web.client.RestTemplate - GET request for "http://localhost:8080/addition/1/a/" resulted in 400 (null); invoking error handler
]]></system-out>
  </testcase>
  <testcase name="| 1 | a | 2 |" classname="| 1 | a | 2 |" time="0.003">
    <error message="400 null" type="org.springframework.web.client.HttpClientErrorException">org.springframework.web.client.HttpClientErrorException: 400 null
</error>
  </testcase>
  <testcase name="Then I get successful response with status code &apos;400&apos;" classname="| 1 | a | 2 |" time="0">
    <skipped/>
  </testcase>
</testsuite>